<?xml version="1.0" encoding="UTF-8"?>
<!-- Generated by org.testng.reporters.JUnitReportReporter -->
<testsuite skipped="0" hostname="DESKTOP-H9VQ7KI" name="com.crm.qa.testcases.Loginpagetest" tests="2" failures="0" timestamp="02 Jul 2019 17:18:52 GMT" time="27.350" errors="0">
  <testcase name="loginpagetitletest" time="14.903" classname="com.crm.qa.testcases.Loginpagetest"/>
  <testcase name="logintest" time="12.447" classname="com.crm.qa.testcases.Loginpagetest"/>
</testsuite> <!-- com.crm.qa.testcases.Loginpagetest -->
