<?xml version="1.0" encoding="UTF-8"?>
<!-- Generated by org.testng.reporters.JUnitReportReporter -->
<testsuite skipped="0" hostname="DESKTOP-H9VQ7KI" name="com.crm.qa.testcases.Homepagetest" tests="3" failures="0" timestamp="30 Jun 2019 08:57:02 GMT" time="72.375" errors="0">
  <testcase name="verifycontactslinktext" time="25.545" classname="com.crm.qa.testcases.Homepagetest"/>
  <testcase name="verifyhomepagetitle" time="29.104" classname="com.crm.qa.testcases.Homepagetest"/>
  <testcase name="verifyusernametitle" time="17.726" classname="com.crm.qa.testcases.Homepagetest"/>
</testsuite> <!-- com.crm.qa.testcases.Homepagetest -->
